  Application.cpp
e:\cloud\google drive\academic\[curriculum]\gam dept\gam150\submissions\2019 gam150 submissions\biginner - final submission\gam150_phone!pong!\source\project\application.h(14): fatal error C1083: Cannot open include file: 'SDL2/SDL.h': No such file or directory
  Component.cpp
  Game.cpp
e:\cloud\google drive\academic\[curriculum]\gam dept\gam150\submissions\2019 gam150 submissions\biginner - final submission\gam150_phone!pong!\source\project\mainmenu.h(10): fatal error C1083: Cannot open include file: 'engine\State.h': No such file or directory
  Gameover.cpp
e:\cloud\google drive\academic\[curriculum]\gam dept\gam150\submissions\2019 gam150 submissions\biginner - final submission\gam150_phone!pong!\source\project\commonlevel.h(1): fatal error C1083: Cannot open include file: 'engine\Input.h': No such file or directory
  Input.cpp
e:\cloud\google drive\academic\[curriculum]\gam dept\gam150\submissions\2019 gam150 submissions\biginner - final submission\gam150_phone!pong!\source\project\input.h(10): fatal error C1083: Cannot open include file: 'engine\State.h': No such file or directory
  LevelFever.cpp
e:\cloud\google drive\academic\[curriculum]\gam dept\gam150\submissions\2019 gam150 submissions\biginner - final submission\gam150_phone!pong!\source\project\levelfever.h(11): fatal error C1083: Cannot open include file: 'engine/State.h': No such file or directory
  main.cpp
e:\cloud\google drive\academic\[curriculum]\gam dept\gam150\submissions\2019 gam150 submissions\biginner - final submission\gam150_phone!pong!\source\project\main.cpp(11): fatal error C1083: Cannot open include file: 'SDL2/SDL.h': No such file or directory
  MainMenu.cpp
e:\cloud\google drive\academic\[curriculum]\gam dept\gam150\submissions\2019 gam150 submissions\biginner - final submission\gam150_phone!pong!\source\project\commonlevel.h(1): fatal error C1083: Cannot open include file: 'engine\Input.h': No such file or directory
  MapGenerator.cpp
e:\cloud\google drive\academic\[curriculum]\gam dept\gam150\submissions\2019 gam150 submissions\biginner - final submission\gam150_phone!pong!\source\project\mapgenerator.h(10): fatal error C1083: Cannot open include file: 'engine/Object.h': No such file or directory
  Menu_Credit.cpp
e:\cloud\google drive\academic\[curriculum]\gam dept\gam150\submissions\2019 gam150 submissions\biginner - final submission\gam150_phone!pong!\source\project\commonlevel.h(1): fatal error C1083: Cannot open include file: 'engine\Input.h': No such file or directory
  Menu_HowtoPlay.cpp
e:\cloud\google drive\academic\[curriculum]\gam dept\gam150\submissions\2019 gam150 submissions\biginner - final submission\gam150_phone!pong!\source\project\commonlevel.h(1): fatal error C1083: Cannot open include file: 'engine\Input.h': No such file or directory
  Menu_Ranking.cpp
e:\cloud\google drive\academic\[curriculum]\gam dept\gam150\submissions\2019 gam150 submissions\biginner - final submission\gam150_phone!pong!\source\project\commonlevel.h(1): fatal error C1083: Cannot open include file: 'engine\Input.h': No such file or directory
  MyObject.cpp
e:\cloud\google drive\academic\[curriculum]\gam dept\gam150\submissions\2019 gam150 submissions\biginner - final submission\gam150_phone!pong!\source\project\myobject.h(10): fatal error C1083: Cannot open include file: 'engine/Object.h': No such file or directory
  PauseState.cpp
e:\cloud\google drive\academic\[curriculum]\gam dept\gam150\submissions\2019 gam150 submissions\biginner - final submission\gam150_phone!pong!\source\project\commonlevel.h(1): fatal error C1083: Cannot open include file: 'engine\Input.h': No such file or directory
  ScoreMenu.cpp
e:\cloud\google drive\academic\[curriculum]\gam dept\gam150\submissions\2019 gam150 submissions\biginner - final submission\gam150_phone!pong!\source\project\commonlevel.h(1): fatal error C1083: Cannot open include file: 'engine\Input.h': No such file or directory
  ScoreObject.cpp
e:\cloud\google drive\academic\[curriculum]\gam dept\gam150\submissions\2019 gam150 submissions\biginner - final submission\gam150_phone!pong!\source\project\myobject.h(10): fatal error C1083: Cannot open include file: 'engine/Object.h': No such file or directory
  Splash.cpp
e:\cloud\google drive\academic\[curriculum]\gam dept\gam150\submissions\2019 gam150 submissions\biginner - final submission\gam150_phone!pong!\source\project\commonlevel.h(1): fatal error C1083: Cannot open include file: 'engine\Input.h': No such file or directory
  StageSinil.cpp
e:\cloud\google drive\academic\[curriculum]\gam dept\gam150\submissions\2019 gam150 submissions\biginner - final submission\gam150_phone!pong!\source\project\stagesinil.h(11): fatal error C1083: Cannot open include file: 'engine/State.h': No such file or directory
  yoonsooLV1.cpp
e:\cloud\google drive\academic\[curriculum]\gam dept\gam150\submissions\2019 gam150 submissions\biginner - final submission\gam150_phone!pong!\source\project\commonlevel.h(1): fatal error C1083: Cannot open include file: 'engine\Input.h': No such file or directory
  Generating Code...
